?????????????????????????????????????????????????????
?   ? LSP FLEET OPTIMIZATION - OptaPlanner AI    ?
?????????????????????????????????????????????????????

? Features:
  ? MAX 300km overmileage enforced
  ? Repositioning WITHOUT TRAILER (80 km/h)
  ? Detailed cost breakdown (repositioning + overmileage)
  ? 90-day swap cooldown
  ? Service blocking (48h)

? Cost Structure:
  Ľ Repositioning: 1000 PLN + 1 PLN/km + 150 PLN/h
  Ľ Overmileage: 0.92 PLN/km (max 300km per vehicle)

? API Endpoints:
  POST /api/optimize - Run optimization
  GET  /api/summary  - Get cost summary

Starting server...
???????????????????????????????????????????????????
  .   ____          _            __ _ _
 /\\ / ___'_ __ _ _(_)_ __  __ _ \ \ \ \
( ( )\___ | '_ | '_| | '_ \/ _` | \ \ \ \
 \\/  ___)| |_)| | | | | || (_| |  ) ) ) )
  '  |____| .__|_| |_|_| |_\__, | / / / /
 =========|_|==============|___/=/_/_/_/

 :: Spring Boot ::                (v3.3.0)

2025-10-30T03:41:21.092+01:00  INFO 42724 --- [           main] c.l.fleet.FleetOptimizationSystem        : Starting FleetOptimizationSystem using Java 21.0.7 with PID 42724 (C:\Users\CezarySzczepaniak\Desktop\Java-code\target\fleet-optimizer-1.0.0.jar started by CezarySzczepaniak in C:\Users\CezarySzczepaniak\Desktop\Java-code)
2025-10-30T03:41:21.095+01:00 DEBUG 42724 --- [           main] c.l.fleet.FleetOptimizationSystem        : Running with Spring Boot v3.3.0, Spring v6.1.8
2025-10-30T03:41:21.096+01:00  INFO 42724 --- [           main] c.l.fleet.FleetOptimizationSystem        : No active profile set, falling back to 1 default profile: "default"
2025-10-30T03:41:22.876+01:00  INFO 42724 --- [           main] o.s.b.w.embedded.tomcat.TomcatWebServer  : Tomcat initialized with port 8080 (http)
2025-10-30T03:41:22.890+01:00  INFO 42724 --- [           main] o.apache.catalina.core.StandardService   : Starting service [Tomcat]
2025-10-30T03:41:22.890+01:00  INFO 42724 --- [           main] o.apache.catalina.core.StandardEngine    : Starting Servlet engine: [Apache Tomcat/10.1.24]
2025-10-30T03:41:22.932+01:00  INFO 42724 --- [           main] o.a.c.c.C.[Tomcat].[localhost].[/]       : Initializing Spring embedded WebApplicationContext
2025-10-30T03:41:22.933+01:00  INFO 42724 --- [           main] w.s.c.ServletWebServerApplicationContext : Root WebApplicationContext: initialization completed in 1749 ms
2025-10-30T03:41:23.208+01:00  INFO 42724 --- [           main] org.mongodb.driver.client                : MongoClient with metadata {"driver": {"name": "mongo-java-driver|sync", "version": "5.1.0"}, "os": {"type": "Windows", "name": "Windows 11", "architecture": "amd64", "version": "10.0"}, "platform": "Java/Oracle Corporation/21.0.7+8-LTS-245"} created with settings MongoClientSettings{readPreference=primary, writeConcern=WriteConcern{w=majority, wTimeout=null ms, journal=null}, retryWrites=true, retryReads=true, readConcern=ReadConcern{level=null}, credential=MongoCredential{mechanism=null, userName='admin', source='admin', password=<hidden>, mechanismProperties=<hidden>}, transportSettings=null, commandListeners=[], codecRegistry=ProvidersCodecRegistry{codecProviders=[ValueCodecProvider{}, BsonValueCodecProvider{}, DBRefCodecProvider{}, DBObjectCodecProvider{}, DocumentCodecProvider{}, CollectionCodecProvider{}, IterableCodecProvider{}, MapCodecProvider{}, GeoJsonCodecProvider{}, GridFSFileCodecProvider{}, Jsr310CodecProvider{}, JsonObjectCodecProvider{}, BsonCodecProvider{}, EnumCodecProvider{}, com.mongodb.client.model.mql.ExpressionCodecProvider@2e5b7fba, com.mongodb.Jep395RecordCodecProvider@27755487, com.mongodb.KotlinCodecProvider@4f0cab0a]}, loggerSettings=LoggerSettings{maxDocumentLength=1000}, clusterSettings={hosts=[127.0.0.1:27017], srvHost=cluster0.mxn1ono.mongodb.net, srvServiceName=mongodb, mode=MULTIPLE, requiredClusterType=REPLICA_SET, requiredReplicaSetName='atlas-11qqv9-shard-0', serverSelector='null', clusterListeners='[]', serverSelectionTimeout='30000 ms', localThreshold='15 ms'}, socketSettings=SocketSettings{connectTimeoutMS=10000, readTimeoutMS=0, receiveBufferSize=0, proxySettings=ProxySettings{host=null, port=null, username=null, password=null}}, heartbeatSocketSettings=SocketSettings{connectTimeoutMS=10000, readTimeoutMS=10000, receiveBufferSize=0, proxySettings=ProxySettings{host=null, port=null, username=null, password=null}}, connectionPoolSettings=ConnectionPoolSettings{maxSize=100, minSize=0, maxWaitTimeMS=120000, maxConnectionLifeTimeMS=0, maxConnectionIdleTimeMS=0, maintenanceInitialDelayMS=0, maintenanceFrequencyMS=60000, connectionPoolListeners=[], maxConnecting=2}, serverSettings=ServerSettings{heartbeatFrequencyMS=10000, minHeartbeatFrequencyMS=500, serverMonitoringMode=AUTO, serverListeners='[]', serverMonitorListeners='[]'}, sslSettings=SslSettings{enabled=true, invalidHostNameAllowed=false, context=null}, applicationName='null', compressorList=[], uuidRepresentation=UNSPECIFIED, serverApi=null, autoEncryptionSettings=null, dnsClient=null, inetAddressResolver=null, contextProvider=null}
2025-10-30T03:41:23.214+01:00  INFO 42724 --- [ono.mongodb.net] org.mongodb.driver.cluster               : Adding discovered server ac-mxxgaqy-shard-00-00.mxn1ono.mongodb.net:27017 to client view of cluster
2025-10-30T03:41:23.275+01:00  INFO 42724 --- [ono.mongodb.net] org.mongodb.driver.cluster               : Adding discovered server ac-mxxgaqy-shard-00-01.mxn1ono.mongodb.net:27017 to client view of cluster
2025-10-30T03:41:23.277+01:00  INFO 42724 --- [ono.mongodb.net] org.mongodb.driver.cluster               : Adding discovered server ac-mxxgaqy-shard-00-02.mxn1ono.mongodb.net:27017 to client view of cluster
2025-10-30T03:41:24.152+01:00  INFO 42724 --- [ngodb.net:27017] org.mongodb.driver.cluster               : Monitor thread successfully connected to server with description ServerDescription{address=ac-mxxgaqy-shard-00-00.mxn1ono.mongodb.net:27017, type=REPLICA_SET_SECONDARY, state=CONNECTED, ok=true, minWireVersion=0, maxWireVersion=25, maxDocumentSize=16777216, logicalSessionTimeoutMinutes=30, roundTripTimeNanos=463120500, setName='atlas-11qqv9-shard-0', canonicalAddress=ac-mxxgaqy-shard-00-00.mxn1ono.mongodb.net:27017, hosts=[ac-mxxgaqy-shard-00-01.mxn1ono.mongodb.net:27017, ac-mxxgaqy-shard-00-02.mxn1ono.mongodb.net:27017, ac-mxxgaqy-shard-00-00.mxn1ono.mongodb.net:27017], passives=[], arbiters=[], primary='ac-mxxgaqy-shard-00-02.mxn1ono.mongodb.net:27017', tagSet=TagSet{[Tag{name='availabilityZone', value='euc1-az2'}, Tag{name='diskState', value='READY'}, Tag{name='nodeType', value='ELECTABLE'}, Tag{name='provider', value='AWS'}, Tag{name='region', value='EU_CENTRAL_1'}, Tag{name='workloadType', value='OPERATIONAL'}]}, electionId=null, setVersion=178, topologyVersion=TopologyVersion{processId=68f93b317ec14fb600aef542, counter=4}, lastWriteDate=Thu Oct 30 03:41:23 CET 2025, lastUpdateTimeNanos=62961080961200}
2025-10-30T03:41:24.152+01:00  INFO 42724 --- [ngodb.net:27017] org.mongodb.driver.cluster               : Monitor thread successfully connected to server with description ServerDescription{address=ac-mxxgaqy-shard-00-01.mxn1ono.mongodb.net:27017, type=REPLICA_SET_SECONDARY, state=CONNECTED, ok=true, minWireVersion=0, maxWireVersion=25, maxDocumentSize=16777216, logicalSessionTimeoutMinutes=30, roundTripTimeNanos=463120800, setName='atlas-11qqv9-shard-0', canonicalAddress=ac-mxxgaqy-shard-00-01.mxn1ono.mongodb.net:27017, hosts=[ac-mxxgaqy-shard-00-01.mxn1ono.mongodb.net:27017, ac-mxxgaqy-shard-00-02.mxn1ono.mongodb.net:27017, ac-mxxgaqy-shard-00-00.mxn1ono.mongodb.net:27017], passives=[], arbiters=[], primary='ac-mxxgaqy-shard-00-02.mxn1ono.mongodb.net:27017', tagSet=TagSet{[Tag{name='availabilityZone', value='euc1-az3'}, Tag{name='diskState', value='READY'}, Tag{name='nodeType', value='ELECTABLE'}, Tag{name='provider', value='AWS'}, Tag{name='region', value='EU_CENTRAL_1'}, Tag{name='workloadType', value='OPERATIONAL'}]}, electionId=null, setVersion=178, topologyVersion=TopologyVersion{processId=68f940256a5f1c5ea9cbdfc4, counter=3}, lastWriteDate=Thu Oct 30 03:41:23 CET 2025, lastUpdateTimeNanos=62961080961300}
2025-10-30T03:41:24.152+01:00  INFO 42724 --- [ngodb.net:27017] org.mongodb.driver.cluster               : Monitor thread successfully connected to server with description ServerDescription{address=ac-mxxgaqy-shard-00-02.mxn1ono.mongodb.net:27017, type=REPLICA_SET_PRIMARY, state=CONNECTED, ok=true, minWireVersion=0, maxWireVersion=25, maxDocumentSize=16777216, logicalSessionTimeoutMinutes=30, roundTripTimeNanos=463120700, setName='atlas-11qqv9-shard-0', canonicalAddress=ac-mxxgaqy-shard-00-02.mxn1ono.mongodb.net:27017, hosts=[ac-mxxgaqy-shard-00-01.mxn1ono.mongodb.net:27017, ac-mxxgaqy-shard-00-02.mxn1ono.mongodb.net:27017, ac-mxxgaqy-shard-00-00.mxn1ono.mongodb.net:27017], passives=[], arbiters=[], primary='ac-mxxgaqy-shard-00-02.mxn1ono.mongodb.net:27017', tagSet=TagSet{[Tag{name='availabilityZone', value='euc1-az1'}, Tag{name='diskState', value='READY'}, Tag{name='nodeType', value='ELECTABLE'}, Tag{name='provider', value='AWS'}, Tag{name='region', value='EU_CENTRAL_1'}, Tag{name='workloadType', value='OPERATIONAL'}]}, electionId=7fffffff00000000000000cf, setVersion=178, topologyVersion=TopologyVersion{processId=68f93de19c3cdc4668b5e3ed, counter=6}, lastWriteDate=Thu Oct 30 03:41:23 CET 2025, lastUpdateTimeNanos=62961080961200}
2025-10-30T03:41:24.165+01:00  INFO 42724 --- [ngodb.net:27017] org.mongodb.driver.cluster               : Discovered replica set primary ac-mxxgaqy-shard-00-02.mxn1ono.mongodb.net:27017 with max election id 7fffffff00000000000000cf and max set version 178
2025-10-30T03:41:26.472+01:00  INFO 42724 --- [           main] o.s.b.w.embedded.tomcat.TomcatWebServer  : Tomcat started on port 8080 (http) with context path '/'
2025-10-30T03:41:26.502+01:00  INFO 42724 --- [           main] c.l.fleet.FleetOptimizationSystem        : Started FleetOptimizationSystem in 5.96 seconds (process running for 6.855)
